<?xml version="1.0" encoding="UTF-8"?>
<testsuite xmlns:xsi="http://www.w3.org/2001/XMLSchema-instance" xsi:noNamespaceSchemaLocation="https://maven.apache.org/surefire/maven-surefire-plugin/xsd/surefire-test-report-3.0.xsd" version="3.0" name="TestSuite" time="157.414" tests="2" errors="0" skipped="0" failures="0">
  <properties>
    <property name="java.specification.version" value="17"/>
    <property name="sun.cpu.isalist" value="amd64"/>
    <property name="sun.jnu.encoding" value="Cp1252"/>
    <property name="java.class.path" value="D:\Mobile_automation\MobileAppAutomationUsingAppium\target\test-classes;D:\Mobile_automation\MobileAppAutomationUsingAppium\target\classes;C:\Users\manish.khadka\.m2\repository\io\appium\java-client\8.6.0\java-client-8.6.0.jar;C:\Users\manish.khadka\.m2\repository\org\seleniumhq\selenium\selenium-api\4.13.0\selenium-api-4.13.0.jar;C:\Users\manish.khadka\.m2\repository\org\seleniumhq\selenium\selenium-remote-driver\4.13.0\selenium-remote-driver-4.13.0.jar;C:\Users\manish.khadka\.m2\repository\com\google\auto\service\auto-service-annotations\1.1.1\auto-service-annotations-1.1.1.jar;C:\Users\manish.khadka\.m2\repository\com\google\guava\guava\32.1.2-jre\guava-32.1.2-jre.jar;C:\Users\manish.khadka\.m2\repository\com\google\guava\failureaccess\1.0.1\failureaccess-1.0.1.jar;C:\Users\manish.khadka\.m2\repository\com\google\guava\listenablefuture\9999.0-empty-to-avoid-conflict-with-guava\listenablefuture-9999.0-empty-to-avoid-conflict-with-guava.jar;C:\Users\manish.khadka\.m2\repository\com\google\code\findbugs\jsr305\3.0.2\jsr305-3.0.2.jar;C:\Users\manish.khadka\.m2\repository\org\checkerframework\checker-qual\3.33.0\checker-qual-3.33.0.jar;C:\Users\manish.khadka\.m2\repository\com\google\errorprone\error_prone_annotations\2.18.0\error_prone_annotations-2.18.0.jar;C:\Users\manish.khadka\.m2\repository\com\google\j2objc\j2objc-annotations\2.8\j2objc-annotations-2.8.jar;C:\Users\manish.khadka\.m2\repository\io\netty\netty-buffer\4.1.96.Final\netty-buffer-4.1.96.Final.jar;C:\Users\manish.khadka\.m2\repository\io\netty\netty-codec-http\4.1.96.Final\netty-codec-http-4.1.96.Final.jar;C:\Users\manish.khadka\.m2\repository\io\netty\netty-codec\4.1.96.Final\netty-codec-4.1.96.Final.jar;C:\Users\manish.khadka\.m2\repository\io\netty\netty-handler\4.1.96.Final\netty-handler-4.1.96.Final.jar;C:\Users\manish.khadka\.m2\repository\io\netty\netty-common\4.1.96.Final\netty-common-4.1.96.Final.jar;C:\Users\manish.khadka\.m2\repository\io\netty\netty-transport-classes-epoll\4.1.96.Final\netty-transport-classes-epoll-4.1.96.Final.jar;C:\Users\manish.khadka\.m2\repository\io\netty\netty-transport-classes-kqueue\4.1.96.Final\netty-transport-classes-kqueue-4.1.96.Final.jar;C:\Users\manish.khadka\.m2\repository\io\netty\netty-transport-native-epoll\4.1.96.Final\netty-transport-native-epoll-4.1.96.Final.jar;C:\Users\manish.khadka\.m2\repository\io\netty\netty-transport-native-kqueue\4.1.96.Final\netty-transport-native-kqueue-4.1.96.Final.jar;C:\Users\manish.khadka\.m2\repository\io\netty\netty-transport-native-unix-common\4.1.96.Final\netty-transport-native-unix-common-4.1.96.Final.jar;C:\Users\manish.khadka\.m2\repository\io\netty\netty-transport\4.1.96.Final\netty-transport-4.1.96.Final.jar;C:\Users\manish.khadka\.m2\repository\io\netty\netty-resolver\4.1.96.Final\netty-resolver-4.1.96.Final.jar;C:\Users\manish.khadka\.m2\repository\io\opentelemetry\opentelemetry-api\1.28.0\opentelemetry-api-1.28.0.jar;C:\Users\manish.khadka\.m2\repository\io\opentelemetry\opentelemetry-context\1.28.0\opentelemetry-context-1.28.0.jar;C:\Users\manish.khadka\.m2\repository\io\opentelemetry\opentelemetry-exporter-logging\1.28.0\opentelemetry-exporter-logging-1.28.0.jar;C:\Users\manish.khadka\.m2\repository\io\opentelemetry\opentelemetry-sdk-metrics\1.28.0\opentelemetry-sdk-metrics-1.28.0.jar;C:\Users\manish.khadka\.m2\repository\io\opentelemetry\opentelemetry-extension-incubator\1.28.0-alpha\opentelemetry-extension-incubator-1.28.0-alpha.jar;C:\Users\manish.khadka\.m2\repository\io\opentelemetry\opentelemetry-sdk-logs\1.28.0\opentelemetry-sdk-logs-1.28.0.jar;C:\Users\manish.khadka\.m2\repository\io\opentelemetry\opentelemetry-sdk-common\1.28.0\opentelemetry-sdk-common-1.28.0.jar;C:\Users\manish.khadka\.m2\repository\io\opentelemetry\opentelemetry-sdk-extension-autoconfigure-spi\1.28.0\opentelemetry-sdk-extension-autoconfigure-spi-1.28.0.jar;C:\Users\manish.khadka\.m2\repository\io\opentelemetry\opentelemetry-sdk-extension-autoconfigure\1.28.0\opentelemetry-sdk-extension-autoconfigure-1.28.0.jar;C:\Users\manish.khadka\.m2\repository\io\opentelemetry\opentelemetry-api-events\1.28.0-alpha\opentelemetry-api-events-1.28.0-alpha.jar;C:\Users\manish.khadka\.m2\repository\io\opentelemetry\opentelemetry-sdk-trace\1.28.0\opentelemetry-sdk-trace-1.28.0.jar;C:\Users\manish.khadka\.m2\repository\io\opentelemetry\opentelemetry-sdk\1.28.0\opentelemetry-sdk-1.28.0.jar;C:\Users\manish.khadka\.m2\repository\io\opentelemetry\opentelemetry-semconv\1.28.0-alpha\opentelemetry-semconv-1.28.0-alpha.jar;C:\Users\manish.khadka\.m2\repository\net\bytebuddy\byte-buddy\1.14.5\byte-buddy-1.14.5.jar;C:\Users\manish.khadka\.m2\repository\org\asynchttpclient\async-http-client\2.12.3\async-http-client-2.12.3.jar;C:\Users\manish.khadka\.m2\repository\org\asynchttpclient\async-http-client-netty-utils\2.12.3\async-http-client-netty-utils-2.12.3.jar;C:\Users\manish.khadka\.m2\repository\io\netty\netty-codec-socks\4.1.60.Final\netty-codec-socks-4.1.60.Final.jar;C:\Users\manish.khadka\.m2\repository\io\netty\netty-handler-proxy\4.1.60.Final\netty-handler-proxy-4.1.60.Final.jar;C:\Users\manish.khadka\.m2\repository\io\netty\netty-transport-native-epoll\4.1.60.Final\netty-transport-native-epoll-4.1.60.Final-linux-x86_64.jar;C:\Users\manish.khadka\.m2\repository\io\netty\netty-transport-native-kqueue\4.1.60.Final\netty-transport-native-kqueue-4.1.60.Final-osx-x86_64.jar;C:\Users\manish.khadka\.m2\repository\org\reactivestreams\reactive-streams\1.0.3\reactive-streams-1.0.3.jar;C:\Users\manish.khadka\.m2\repository\com\typesafe\netty\netty-reactive-streams\2.0.4\netty-reactive-streams-2.0.4.jar;C:\Users\manish.khadka\.m2\repository\com\sun\activation\jakarta.activation\1.2.2\jakarta.activation-1.2.2.jar;C:\Users\manish.khadka\.m2\repository\org\seleniumhq\selenium\selenium-http\4.13.0\selenium-http-4.13.0.jar;C:\Users\manish.khadka\.m2\repository\dev\failsafe\failsafe\3.3.2\failsafe-3.3.2.jar;C:\Users\manish.khadka\.m2\repository\org\seleniumhq\selenium\selenium-json\4.13.0\selenium-json-4.13.0.jar;C:\Users\manish.khadka\.m2\repository\org\seleniumhq\selenium\selenium-manager\4.13.0\selenium-manager-4.13.0.jar;C:\Users\manish.khadka\.m2\repository\org\seleniumhq\selenium\selenium-os\4.13.0\selenium-os-4.13.0.jar;C:\Users\manish.khadka\.m2\repository\org\apache\commons\commons-exec\1.3\commons-exec-1.3.jar;C:\Users\manish.khadka\.m2\repository\org\seleniumhq\selenium\selenium-support\4.13.0\selenium-support-4.13.0.jar;C:\Users\manish.khadka\.m2\repository\com\google\code\gson\gson\2.10.1\gson-2.10.1.jar;C:\Users\manish.khadka\.m2\repository\org\apache\commons\commons-lang3\3.13.0\commons-lang3-3.13.0.jar;C:\Users\manish.khadka\.m2\repository\commons-io\commons-io\2.14.0\commons-io-2.14.0.jar;C:\Users\manish.khadka\.m2\repository\org\seleniumhq\selenium\selenium-java\4.15.0\selenium-java-4.15.0.jar;C:\Users\manish.khadka\.m2\repository\org\seleniumhq\selenium\selenium-chrome-driver\4.15.0\selenium-chrome-driver-4.15.0.jar;C:\Users\manish.khadka\.m2\repository\org\seleniumhq\selenium\selenium-chromium-driver\4.15.0\selenium-chromium-driver-4.15.0.jar;C:\Users\manish.khadka\.m2\repository\org\seleniumhq\selenium\selenium-devtools-v117\4.15.0\selenium-devtools-v117-4.15.0.jar;C:\Users\manish.khadka\.m2\repository\org\seleniumhq\selenium\selenium-devtools-v118\4.15.0\selenium-devtools-v118-4.15.0.jar;C:\Users\manish.khadka\.m2\repository\org\seleniumhq\selenium\selenium-devtools-v119\4.15.0\selenium-devtools-v119-4.15.0.jar;C:\Users\manish.khadka\.m2\repository\org\seleniumhq\selenium\selenium-devtools-v85\4.15.0\selenium-devtools-v85-4.15.0.jar;C:\Users\manish.khadka\.m2\repository\org\seleniumhq\selenium\selenium-edge-driver\4.15.0\selenium-edge-driver-4.15.0.jar;C:\Users\manish.khadka\.m2\repository\org\seleniumhq\selenium\selenium-firefox-driver\4.15.0\selenium-firefox-driver-4.15.0.jar;C:\Users\manish.khadka\.m2\repository\org\seleniumhq\selenium\selenium-ie-driver\4.15.0\selenium-ie-driver-4.15.0.jar;C:\Users\manish.khadka\.m2\repository\org\seleniumhq\selenium\selenium-safari-driver\4.15.0\selenium-safari-driver-4.15.0.jar;C:\Users\manish.khadka\.m2\repository\org\testng\testng\7.8.0\testng-7.8.0.jar;C:\Users\manish.khadka\.m2\repository\com\beust\jcommander\1.82\jcommander-1.82.jar;C:\Users\manish.khadka\.m2\repository\org\webjars\jquery\3.6.1\jquery-3.6.1.jar;C:\Users\manish.khadka\.m2\repository\org\slf4j\slf4j-api\2.0.9\slf4j-api-2.0.9.jar;C:\Users\manish.khadka\.m2\repository\org\slf4j\slf4j-simple\2.0.9\slf4j-simple-2.0.9.jar;C:\Users\manish.khadka\.m2\repository\io\qameta\allure\allure-testng\2.24.0\allure-testng-2.24.0.jar;C:\Users\manish.khadka\.m2\repository\io\qameta\allure\allure-java-commons\2.24.0\allure-java-commons-2.24.0.jar;C:\Users\manish.khadka\.m2\repository\io\qameta\allure\allure-model\2.24.0\allure-model-2.24.0.jar;C:\Users\manish.khadka\.m2\repository\io\qameta\allure\allure-test-filter\2.24.0\allure-test-filter-2.24.0.jar;"/>
    <property name="java.vm.vendor" value="Oracle Corporation"/>
    <property name="sun.arch.data.model" value="64"/>
    <property name="user.variant" value=""/>
    <property name="java.vendor.url" value="https://java.oracle.com/"/>
    <property name="user.timezone" value="Asia/Katmandu"/>
    <property name="os.name" value="Windows 10"/>
    <property name="java.vm.specification.version" value="17"/>
    <property name="sun.java.launcher" value="SUN_STANDARD"/>
    <property name="user.country" value="US"/>
    <property name="sun.boot.library.path" value="C:\Program Files\Java\jdk-17\bin"/>
    <property name="sun.java.command" value="C:\Users\manish.khadka\AppData\Local\Temp\surefire1306045486653045342\surefirebooter-20250924161149795_3.jar C:\Users\manish.khadka\AppData\Local\Temp\surefire1306045486653045342 2025-09-24T16-11-49_394-jvmRun1 surefire-20250924161149795_1tmp surefire_0-20250924161149795_2tmp"/>
    <property name="jdk.debug" value="release"/>
    <property name="surefire.test.class.path" value="D:\Mobile_automation\MobileAppAutomationUsingAppium\target\test-classes;D:\Mobile_automation\MobileAppAutomationUsingAppium\target\classes;C:\Users\manish.khadka\.m2\repository\io\appium\java-client\8.6.0\java-client-8.6.0.jar;C:\Users\manish.khadka\.m2\repository\org\seleniumhq\selenium\selenium-api\4.13.0\selenium-api-4.13.0.jar;C:\Users\manish.khadka\.m2\repository\org\seleniumhq\selenium\selenium-remote-driver\4.13.0\selenium-remote-driver-4.13.0.jar;C:\Users\manish.khadka\.m2\repository\com\google\auto\service\auto-service-annotations\1.1.1\auto-service-annotations-1.1.1.jar;C:\Users\manish.khadka\.m2\repository\com\google\guava\guava\32.1.2-jre\guava-32.1.2-jre.jar;C:\Users\manish.khadka\.m2\repository\com\google\guava\failureaccess\1.0.1\failureaccess-1.0.1.jar;C:\Users\manish.khadka\.m2\repository\com\google\guava\listenablefuture\9999.0-empty-to-avoid-conflict-with-guava\listenablefuture-9999.0-empty-to-avoid-conflict-with-guava.jar;C:\Users\manish.khadka\.m2\repository\com\google\code\findbugs\jsr305\3.0.2\jsr305-3.0.2.jar;C:\Users\manish.khadka\.m2\repository\org\checkerframework\checker-qual\3.33.0\checker-qual-3.33.0.jar;C:\Users\manish.khadka\.m2\repository\com\google\errorprone\error_prone_annotations\2.18.0\error_prone_annotations-2.18.0.jar;C:\Users\manish.khadka\.m2\repository\com\google\j2objc\j2objc-annotations\2.8\j2objc-annotations-2.8.jar;C:\Users\manish.khadka\.m2\repository\io\netty\netty-buffer\4.1.96.Final\netty-buffer-4.1.96.Final.jar;C:\Users\manish.khadka\.m2\repository\io\netty\netty-codec-http\4.1.96.Final\netty-codec-http-4.1.96.Final.jar;C:\Users\manish.khadka\.m2\repository\io\netty\netty-codec\4.1.96.Final\netty-codec-4.1.96.Final.jar;C:\Users\manish.khadka\.m2\repository\io\netty\netty-handler\4.1.96.Final\netty-handler-4.1.96.Final.jar;C:\Users\manish.khadka\.m2\repository\io\netty\netty-common\4.1.96.Final\netty-common-4.1.96.Final.jar;C:\Users\manish.khadka\.m2\repository\io\netty\netty-transport-classes-epoll\4.1.96.Final\netty-transport-classes-epoll-4.1.96.Final.jar;C:\Users\manish.khadka\.m2\repository\io\netty\netty-transport-classes-kqueue\4.1.96.Final\netty-transport-classes-kqueue-4.1.96.Final.jar;C:\Users\manish.khadka\.m2\repository\io\netty\netty-transport-native-epoll\4.1.96.Final\netty-transport-native-epoll-4.1.96.Final.jar;C:\Users\manish.khadka\.m2\repository\io\netty\netty-transport-native-kqueue\4.1.96.Final\netty-transport-native-kqueue-4.1.96.Final.jar;C:\Users\manish.khadka\.m2\repository\io\netty\netty-transport-native-unix-common\4.1.96.Final\netty-transport-native-unix-common-4.1.96.Final.jar;C:\Users\manish.khadka\.m2\repository\io\netty\netty-transport\4.1.96.Final\netty-transport-4.1.96.Final.jar;C:\Users\manish.khadka\.m2\repository\io\netty\netty-resolver\4.1.96.Final\netty-resolver-4.1.96.Final.jar;C:\Users\manish.khadka\.m2\repository\io\opentelemetry\opentelemetry-api\1.28.0\opentelemetry-api-1.28.0.jar;C:\Users\manish.khadka\.m2\repository\io\opentelemetry\opentelemetry-context\1.28.0\opentelemetry-context-1.28.0.jar;C:\Users\manish.khadka\.m2\repository\io\opentelemetry\opentelemetry-exporter-logging\1.28.0\opentelemetry-exporter-logging-1.28.0.jar;C:\Users\manish.khadka\.m2\repository\io\opentelemetry\opentelemetry-sdk-metrics\1.28.0\opentelemetry-sdk-metrics-1.28.0.jar;C:\Users\manish.khadka\.m2\repository\io\opentelemetry\opentelemetry-extension-incubator\1.28.0-alpha\opentelemetry-extension-incubator-1.28.0-alpha.jar;C:\Users\manish.khadka\.m2\repository\io\opentelemetry\opentelemetry-sdk-logs\1.28.0\opentelemetry-sdk-logs-1.28.0.jar;C:\Users\manish.khadka\.m2\repository\io\opentelemetry\opentelemetry-sdk-common\1.28.0\opentelemetry-sdk-common-1.28.0.jar;C:\Users\manish.khadka\.m2\repository\io\opentelemetry\opentelemetry-sdk-extension-autoconfigure-spi\1.28.0\opentelemetry-sdk-extension-autoconfigure-spi-1.28.0.jar;C:\Users\manish.khadka\.m2\repository\io\opentelemetry\opentelemetry-sdk-extension-autoconfigure\1.28.0\opentelemetry-sdk-extension-autoconfigure-1.28.0.jar;C:\Users\manish.khadka\.m2\repository\io\opentelemetry\opentelemetry-api-events\1.28.0-alpha\opentelemetry-api-events-1.28.0-alpha.jar;C:\Users\manish.khadka\.m2\repository\io\opentelemetry\opentelemetry-sdk-trace\1.28.0\opentelemetry-sdk-trace-1.28.0.jar;C:\Users\manish.khadka\.m2\repository\io\opentelemetry\opentelemetry-sdk\1.28.0\opentelemetry-sdk-1.28.0.jar;C:\Users\manish.khadka\.m2\repository\io\opentelemetry\opentelemetry-semconv\1.28.0-alpha\opentelemetry-semconv-1.28.0-alpha.jar;C:\Users\manish.khadka\.m2\repository\net\bytebuddy\byte-buddy\1.14.5\byte-buddy-1.14.5.jar;C:\Users\manish.khadka\.m2\repository\org\asynchttpclient\async-http-client\2.12.3\async-http-client-2.12.3.jar;C:\Users\manish.khadka\.m2\repository\org\asynchttpclient\async-http-client-netty-utils\2.12.3\async-http-client-netty-utils-2.12.3.jar;C:\Users\manish.khadka\.m2\repository\io\netty\netty-codec-socks\4.1.60.Final\netty-codec-socks-4.1.60.Final.jar;C:\Users\manish.khadka\.m2\repository\io\netty\netty-handler-proxy\4.1.60.Final\netty-handler-proxy-4.1.60.Final.jar;C:\Users\manish.khadka\.m2\repository\io\netty\netty-transport-native-epoll\4.1.60.Final\netty-transport-native-epoll-4.1.60.Final-linux-x86_64.jar;C:\Users\manish.khadka\.m2\repository\io\netty\netty-transport-native-kqueue\4.1.60.Final\netty-transport-native-kqueue-4.1.60.Final-osx-x86_64.jar;C:\Users\manish.khadka\.m2\repository\org\reactivestreams\reactive-streams\1.0.3\reactive-streams-1.0.3.jar;C:\Users\manish.khadka\.m2\repository\com\typesafe\netty\netty-reactive-streams\2.0.4\netty-reactive-streams-2.0.4.jar;C:\Users\manish.khadka\.m2\repository\com\sun\activation\jakarta.activation\1.2.2\jakarta.activation-1.2.2.jar;C:\Users\manish.khadka\.m2\repository\org\seleniumhq\selenium\selenium-http\4.13.0\selenium-http-4.13.0.jar;C:\Users\manish.khadka\.m2\repository\dev\failsafe\failsafe\3.3.2\failsafe-3.3.2.jar;C:\Users\manish.khadka\.m2\repository\org\seleniumhq\selenium\selenium-json\4.13.0\selenium-json-4.13.0.jar;C:\Users\manish.khadka\.m2\repository\org\seleniumhq\selenium\selenium-manager\4.13.0\selenium-manager-4.13.0.jar;C:\Users\manish.khadka\.m2\repository\org\seleniumhq\selenium\selenium-os\4.13.0\selenium-os-4.13.0.jar;C:\Users\manish.khadka\.m2\repository\org\apache\commons\commons-exec\1.3\commons-exec-1.3.jar;C:\Users\manish.khadka\.m2\repository\org\seleniumhq\selenium\selenium-support\4.13.0\selenium-support-4.13.0.jar;C:\Users\manish.khadka\.m2\repository\com\google\code\gson\gson\2.10.1\gson-2.10.1.jar;C:\Users\manish.khadka\.m2\repository\org\apache\commons\commons-lang3\3.13.0\commons-lang3-3.13.0.jar;C:\Users\manish.khadka\.m2\repository\commons-io\commons-io\2.14.0\commons-io-2.14.0.jar;C:\Users\manish.khadka\.m2\repository\org\seleniumhq\selenium\selenium-java\4.15.0\selenium-java-4.15.0.jar;C:\Users\manish.khadka\.m2\repository\org\seleniumhq\selenium\selenium-chrome-driver\4.15.0\selenium-chrome-driver-4.15.0.jar;C:\Users\manish.khadka\.m2\repository\org\seleniumhq\selenium\selenium-chromium-driver\4.15.0\selenium-chromium-driver-4.15.0.jar;C:\Users\manish.khadka\.m2\repository\org\seleniumhq\selenium\selenium-devtools-v117\4.15.0\selenium-devtools-v117-4.15.0.jar;C:\Users\manish.khadka\.m2\repository\org\seleniumhq\selenium\selenium-devtools-v118\4.15.0\selenium-devtools-v118-4.15.0.jar;C:\Users\manish.khadka\.m2\repository\org\seleniumhq\selenium\selenium-devtools-v119\4.15.0\selenium-devtools-v119-4.15.0.jar;C:\Users\manish.khadka\.m2\repository\org\seleniumhq\selenium\selenium-devtools-v85\4.15.0\selenium-devtools-v85-4.15.0.jar;C:\Users\manish.khadka\.m2\repository\org\seleniumhq\selenium\selenium-edge-driver\4.15.0\selenium-edge-driver-4.15.0.jar;C:\Users\manish.khadka\.m2\repository\org\seleniumhq\selenium\selenium-firefox-driver\4.15.0\selenium-firefox-driver-4.15.0.jar;C:\Users\manish.khadka\.m2\repository\org\seleniumhq\selenium\selenium-ie-driver\4.15.0\selenium-ie-driver-4.15.0.jar;C:\Users\manish.khadka\.m2\repository\org\seleniumhq\selenium\selenium-safari-driver\4.15.0\selenium-safari-driver-4.15.0.jar;C:\Users\manish.khadka\.m2\repository\org\testng\testng\7.8.0\testng-7.8.0.jar;C:\Users\manish.khadka\.m2\repository\com\beust\jcommander\1.82\jcommander-1.82.jar;C:\Users\manish.khadka\.m2\repository\org\webjars\jquery\3.6.1\jquery-3.6.1.jar;C:\Users\manish.khadka\.m2\repository\org\slf4j\slf4j-api\2.0.9\slf4j-api-2.0.9.jar;C:\Users\manish.khadka\.m2\repository\org\slf4j\slf4j-simple\2.0.9\slf4j-simple-2.0.9.jar;C:\Users\manish.khadka\.m2\repository\io\qameta\allure\allure-testng\2.24.0\allure-testng-2.24.0.jar;C:\Users\manish.khadka\.m2\repository\io\qameta\allure\allure-java-commons\2.24.0\allure-java-commons-2.24.0.jar;C:\Users\manish.khadka\.m2\repository\io\qameta\allure\allure-model\2.24.0\allure-model-2.24.0.jar;C:\Users\manish.khadka\.m2\repository\io\qameta\allure\allure-test-filter\2.24.0\allure-test-filter-2.24.0.jar;"/>
    <property name="sun.cpu.endian" value="little"/>
    <property name="user.home" value="C:\Users\manish.khadka"/>
    <property name="user.language" value="en"/>
    <property name="java.specification.vendor" value="Oracle Corporation"/>
    <property name="java.version.date" value="2024-07-16"/>
    <property name="java.home" value="C:\Program Files\Java\jdk-17"/>
    <property name="file.separator" value="\"/>
    <property name="basedir" value="D:\Mobile_automation\MobileAppAutomationUsingAppium"/>
    <property name="java.vm.compressedOopsMode" value="Zero based"/>
    <property name="line.separator" value="&#10;"/>
    <property name="java.vm.specification.vendor" value="Oracle Corporation"/>
    <property name="java.specification.name" value="Java Platform API Specification"/>
    <property name="surefire.real.class.path" value="C:\Users\manish.khadka\AppData\Local\Temp\surefire1306045486653045342\surefirebooter-20250924161149795_3.jar"/>
    <property name="user.script" value=""/>
    <property name="sun.management.compiler" value="HotSpot 64-Bit Tiered Compilers"/>
    <property name="java.runtime.version" value="17.0.12+8-LTS-286"/>
    <property name="user.name" value="manish.khadka"/>
    <property name="path.separator" value=";"/>
    <property name="os.version" value="10.0"/>
    <property name="java.runtime.name" value="Java(TM) SE Runtime Environment"/>
    <property name="file.encoding" value="UTF-8"/>
    <property name="java.vm.name" value="Java HotSpot(TM) 64-Bit Server VM"/>
    <property name="localRepository" value="C:\Users\manish.khadka\.m2\repository"/>
    <property name="java.vendor.url.bug" value="https://bugreport.java.com/bugreport/"/>
    <property name="java.io.tmpdir" value="C:\Users\MANISH~1.KHA\AppData\Local\Temp\"/>
    <property name="java.version" value="17.0.12"/>
    <property name="user.dir" value="D:\Mobile_automation\MobileAppAutomationUsingAppium"/>
    <property name="os.arch" value="amd64"/>
    <property name="java.vm.specification.name" value="Java Virtual Machine Specification"/>
    <property name="sun.os.patch.level" value=""/>
    <property name="native.encoding" value="Cp1252"/>
    <property name="java.library.path" value="C:\Program Files\Java\jdk-17\bin;C:\Windows\Sun\Java\bin;C:\Windows\system32;C:\Windows;C:\Python313\Scripts\;C:\Python313\;C:\Program Files\Common Files\Oracle\Java\javapath;C:\Windows\system32;C:\Windows;C:\Windows\System32\Wbem;C:\Windows\System32\WindowsPowerShell\v1.0\;C:\Windows\System32\OpenSSH\;C:\Program Files\Java\jdk-17\bin;D:\Node\;C:\ProgramData\chocolatey\bin;D:\Node\node_modules\npm\bin;D:\Git\bin;D:\Maven\apache-maven-3.9.10\bin;&quot;C:\Users\manish.khadka\AppData\Local\Android\Sdk\platform-tools;C:\Users\manish.khadka\AppData\Local\Android\Sdk\tools&quot;;D:\AndroidStudio\platform-tools;C:\Users\manish.khadka\AppData\Local\Android\Sdk\cmdline-tools\latest\bin;C:\Users\manish.khadka\AppData\Local\Microsoft\WindowsApps;D:\Microsoft VS Code\bin;C:\Users\manish.khadka\AppData\Roaming\npm;D:\Git\cmd;c:\Users\manish.khadka\AppData\Roaming\Code\User\globalStorage\github.copilot-chat\debugCommand;."/>
    <property name="java.vm.info" value="mixed mode, sharing"/>
    <property name="java.vendor" value="Oracle Corporation"/>
    <property name="java.vm.version" value="17.0.12+8-LTS-286"/>
    <property name="sun.io.unicode.encoding" value="UnicodeLittle"/>
    <property name="java.class.version" value="61.0"/>
  </properties>
  <testcase name="testHomeScreenLoadsSuccessfully" classname="tests.HomeScreenTest" time="9.313">
    <system-err><![CDATA[[main] WARN org.testng.TestNG - Ignoring duplicate listener : io.qameta.allure.testng.AllureTestNg
[main] WARN org.testng.TestNG - Ignoring duplicate listener : io.qameta.allure.testng.AllureTestNg
[main] WARN org.testng.TestNG - Ignoring duplicate listener : io.qameta.allure.testng.AllureTestNg
[main] WARN org.testng.TestNG - Ignoring duplicate listener : io.qameta.allure.testng.AllureTestNg
[main] WARN org.testng.TestNG - Ignoring duplicate listener : io.qameta.allure.testng.AllureTestNg
[main] WARN org.testng.TestNG - Ignoring duplicate listener : io.qameta.allure.testng.AllureTestNg
[main] INFO base.BaseTest - === Starting Test Class ===
[main] INFO config.ConfigManager - Configuration properties loaded successfully
[main] INFO base.DriverManager - Android Driver initialized successfully
[main] INFO base.BaseTest - --- Starting Test Method ---
[main] INFO base.BasePage - Verifying home screen is loaded
[main] INFO base.BasePage - Home screen loaded successfully
[main] INFO base.BasePage - Screen title: API Demos
[main] INFO base.BasePage - Screen title: API Demos
[main] INFO base.BasePage - Number of menu items: 12
[main] INFO base.BasePage - Number of menu items: 12
[main] INFO base.BasePage - Accessibility option displayed: true
[main] INFO base.BasePage - === Available Menu Items ===
[main] INFO base.BasePage - - Access'ibility (content-desc: Access'ibility)
[main] INFO base.BasePage - - Accessibility (content-desc: Accessibility)
[main] INFO base.BasePage - - Animation (content-desc: Animation)
[main] INFO base.BasePage - - App (content-desc: App)
[main] INFO base.BasePage - - Content (content-desc: Content)
[main] INFO base.BasePage - - Graphics (content-desc: Graphics)
[main] INFO base.BasePage - - Media (content-desc: Media)
[main] INFO base.BasePage - - NFC (content-desc: NFC)
[main] INFO base.BasePage - - OS (content-desc: OS)
[main] INFO base.BasePage - - Preference (content-desc: Preference)
[main] INFO base.BasePage - - Text (content-desc: Text)
[main] INFO base.BasePage - - Views (content-desc: Views)
[main] INFO base.BasePage - Number of menu items: 12
[main] INFO base.BasePage - Menu item 'Accessibility' present: true
[main] INFO base.BasePage - Menu item 'Animation' present: true
[main] INFO base.BasePage - Menu item 'App' present: true
[main] INFO base.BasePage - Menu item 'Views' present: true
[main] INFO base.BasePage - All expected menu items are present
]]></system-err>
  </testcase>
  <testcase name="testCompleteAppNavigation" classname="tests.CompleteNavigationTest" time="65.26">
    <system-err><![CDATA[[main] INFO base.BaseTest - --- Ending Test Method ---
[main] INFO base.DriverManager - Android Driver closed successfully
[main] INFO base.BaseTest - === Ending Test Class ===
[main] INFO base.BaseTest - === Starting Test Class ===
[main] INFO base.DriverManager - Android Driver initialized successfully
[main] INFO base.BaseTest - --- Starting Test Method ---
[main] INFO base.BasePage - Verifying home screen is loaded
[main] INFO base.BasePage - Home screen loaded successfully
[main] INFO base.BasePage - Screen title: API Demos
[main] INFO base.BasePage - Screen title: API Demos
[main] INFO base.BasePage - Number of menu items: 12
[main] INFO base.BasePage - Number of menu items: 12
[main] INFO base.BasePage - Verifying home screen is loaded
[main] INFO base.BasePage - Home screen loaded successfully
[main] INFO base.BasePage - Screen title: API Demos
[main] INFO base.BasePage - Screen title: API Demos
[main] INFO base.BasePage - Number of menu items: 12
[main] INFO base.BasePage - Number of menu items: 12
[main] INFO base.BasePage - Clicking on Accessibility option
[main] INFO base.BasePage - Accessibility option displayed: true
[main] INFO base.BasePage - Verifying home screen is loaded
[main] INFO base.BasePage - Home screen loaded successfully
[main] INFO base.BasePage - Screen title: API Demos
[main] INFO base.BasePage - Screen title: API Demos
[main] INFO base.BasePage - Number of menu items: 12
[main] INFO base.BasePage - Number of menu items: 12
[main] INFO base.BasePage - Clicking on Animation option
[main] INFO base.BasePage - Accessibility option displayed: true
[main] INFO base.BasePage - Verifying home screen is loaded
[main] INFO base.BasePage - Home screen loaded successfully
[main] INFO base.BasePage - Screen title: API Demos
[main] INFO base.BasePage - Screen title: API Demos
[main] INFO base.BasePage - Number of menu items: 12
[main] INFO base.BasePage - Number of menu items: 12
[main] INFO base.BasePage - Clicking on App option
[main] INFO base.BasePage - Accessibility option displayed: true
[main] INFO base.BasePage - Verifying home screen is loaded
[main] INFO base.BasePage - Home screen loaded successfully
[main] INFO base.BasePage - Screen title: API Demos
[main] INFO base.BasePage - Screen title: API Demos
[main] INFO base.BasePage - Number of menu items: 12
[main] INFO base.BasePage - Number of menu items: 12
[main] INFO base.BasePage - Clicking on Content option
[main] INFO base.BasePage - Accessibility option displayed: true
[main] INFO base.BasePage - Verifying home screen is loaded
[main] INFO base.BasePage - Home screen loaded successfully
[main] INFO base.BasePage - Screen title: API Demos
[main] INFO base.BasePage - Screen title: API Demos
[main] INFO base.BasePage - Number of menu items: 12
[main] INFO base.BasePage - Number of menu items: 12
[main] INFO base.BasePage - Clicking on Graphics option
[main] INFO base.BasePage - Accessibility option displayed: true
[main] INFO base.BasePage - Verifying home screen is loaded
[main] INFO base.BasePage - Home screen loaded successfully
[main] INFO base.BasePage - Screen title: API Demos
[main] INFO base.BasePage - Screen title: API Demos
[main] INFO base.BasePage - Number of menu items: 12
[main] INFO base.BasePage - Number of menu items: 12
[main] INFO base.BasePage - Clicking on Media option
[main] INFO base.BasePage - Accessibility option displayed: true
[main] INFO base.BasePage - Verifying home screen is loaded
[main] INFO base.BasePage - Home screen loaded successfully
[main] INFO base.BasePage - Screen title: API Demos
[main] INFO base.BasePage - Screen title: API Demos
[main] INFO base.BasePage - Number of menu items: 12
[main] INFO base.BasePage - Number of menu items: 12
[main] INFO base.BasePage - Clicking on NFC option
[main] INFO base.BasePage - Accessibility option displayed: true
[main] INFO base.BasePage - Verifying home screen is loaded
[main] INFO base.BasePage - Home screen loaded successfully
[main] INFO base.BasePage - Screen title: API Demos
[main] INFO base.BasePage - Screen title: API Demos
[main] INFO base.BasePage - Number of menu items: 12
[main] INFO base.BasePage - Number of menu items: 12
[main] INFO base.BasePage - Clicking on OS option
[main] INFO base.BasePage - Accessibility option displayed: true
[main] INFO base.BasePage - Verifying home screen is loaded
[main] INFO base.BasePage - Home screen loaded successfully
[main] INFO base.BasePage - Screen title: API Demos
[main] INFO base.BasePage - Screen title: API Demos
[main] INFO base.BasePage - Number of menu items: 12
[main] INFO base.BasePage - Number of menu items: 12
[main] INFO base.BasePage - Clicking on Preference option
[main] INFO base.BasePage - Accessibility option displayed: true
[main] INFO base.BasePage - Verifying home screen is loaded
[main] INFO base.BasePage - Home screen loaded successfully
[main] INFO base.BasePage - Screen title: API Demos
[main] INFO base.BasePage - Screen title: API Demos
[main] INFO base.BasePage - Number of menu items: 12
[main] INFO base.BasePage - Number of menu items: 12
[main] INFO base.BasePage - Clicking on Text option
[main] INFO base.BasePage - Accessibility option displayed: true
[main] INFO base.BasePage - Verifying home screen is loaded
[main] INFO base.BasePage - Home screen loaded successfully
[main] INFO base.BasePage - Screen title: API Demos
[main] INFO base.BasePage - Screen title: API Demos
[main] INFO base.BasePage - Number of menu items: 12
[main] INFO base.BasePage - Number of menu items: 12
[main] INFO base.BasePage - Clicking on Views option
[main] INFO base.BasePage - Accessibility option displayed: true
]]></system-err>
  </testcase>
</testsuite>