<?xml version="1.0" encoding="UTF-8"?>
<!-- Generated by org.testng.reporters.JUnitReportReporter -->
<testsuite hostname="STPL-MANISHKHA" failures="0" tests="1" name="tests.CompleteNavigationTest" time="64.105" errors="0" timestamp="2025-09-24T16:14:33 NPT" skipped="0">
  <testcase classname="tests.CompleteNavigationTest" name="testCompleteAppNavigation" time="64.105"/>
</testsuite> <!-- tests.CompleteNavigationTest -->
