<?xml version="1.0" encoding="UTF-8"?>
<!-- Generated by org.testng.reporters.JUnitReportReporter -->
<testsuite hostname="STPL-MANISHKHA" failures="0" tests="1" name="tests.HomeScreenTest" time="6.164" errors="0" timestamp="2025-09-24T15:47:19 NPT" skipped="0">
  <testcase classname="tests.HomeScreenTest" name="testHomeScreenLoadsSuccessfully" time="6.164"/>
</testsuite> <!-- tests.HomeScreenTest -->
