<?xml version="1.0" encoding="UTF-8"?>
<!-- Generated by org.testng.reporters.JUnitReportReporter -->
<testsuite hostname="STPL-MANISHKHA" failures="0" tests="1" name="tests.HomeScreenTest" time="8.948" errors="0" timestamp="2025-09-24T16:14:33 NPT" skipped="0">
  <testcase classname="tests.HomeScreenTest" name="testHomeScreenLoadsSuccessfully" time="8.948"/>
</testsuite> <!-- tests.HomeScreenTest -->
